The system is: CYGWIN - 3.1.7(0.340/5/3) - x86_64
Compiling the C compiler identification source file "CMakeCCompilerId.c" succeeded.
Compiler: /usr/bin/cc 
Build flags: 
Id flags:  

The output was:
0


Compilation of the C compiler identification source "CMakeCCompilerId.c" produced "a.exe"

The C compiler identification is GNU, found in "/cygdrive/c/Users/vAsmad/CLionProjects/Algoritmos-y-Estructura-de-Datos-1/Trabajo Implementacion/cmake-build-debug/CMakeFiles/3.17.3/CompilerIdC/a.exe"

Compiling the CXX compiler identification source file "CMakeCXXCompilerId.cpp" succeeded.
Compiler: /usr/bin/c++.exe 
Build flags: 
Id flags:  

The output was:
0


Compilation of the CXX compiler identification source "CMakeCXXCompilerId.cpp" produced "a.exe"

The CXX compiler identification is GNU, found in "/cygdrive/c/Users/vAsmad/CLionProjects/Algoritmos-y-Estructura-de-Datos-1/Trabajo Implementacion/cmake-build-debug/CMakeFiles/3.17.3/CompilerIdCXX/a.exe"

Determining if the C compiler works passed with the following output:
Change Dir: /cygdrive/c/Users/vAsmad/CLionProjects/Algoritmos-y-Estructura-de-Datos-1/Trabajo Implementacion/cmake-build-debug/CMakeFiles/CMakeTmp

Run Build Command(s):/cygdrive/c/Strawberry/c/bin/gmake.exe cmTC_2556b/fast && C:/Strawberry/c/bin/gmake  -f CMakeFiles/cmTC_2556b.dir/build.make CMakeFiles/cmTC_2556b.dir/build
gmake[1]: Entering directory 'C:/Users/vAsmad/CLionProjects/Algoritmos-y-Estructura-de-Datos-1/Trabajo Implementacion/cmake-build-debug/CMakeFiles/CMakeTmp'
Building C object CMakeFiles/cmTC_2556b.dir/testCCompiler.c.o
/usr/bin/cc    -o CMakeFiles/cmTC_2556b.dir/testCCompiler.c.o   -c "/cygdrive/c/Users/vAsmad/CLionProjects/Algoritmos-y-Estructura-de-Datos-1/Trabajo Implementacion/cmake-build-debug/CMakeFiles/CMakeTmp/testCCompiler.c"
Linking C executable cmTC_2556b.exe
/cygdrive/c/Users/vAsmad/AppData/Local/JetBrains/CLion2020.2/cygwin_cmake/bin/cmake.exe -E cmake_link_script CMakeFiles/cmTC_2556b.dir/link.txt --verbose=1
/usr/bin/cc    -Wl,--enable-auto-import  CMakeFiles/cmTC_2556b.dir/testCCompiler.c.o  -o cmTC_2556b.exe -Wl,--out-implib,libcmTC_2556b.dll.a -Wl,--major-image-version,0,--minor-image-version,0 
gmake[1]: Leaving directory 'C:/Users/vAsmad/CLionProjects/Algoritmos-y-Estructura-de-Datos-1/Trabajo Implementacion/cmake-build-debug/CMakeFiles/CMakeTmp'



Determining if the CXX compiler works passed with the following output:
Change Dir: /cygdrive/c/Users/vAsmad/CLionProjects/Algoritmos-y-Estructura-de-Datos-1/Trabajo Implementacion/cmake-build-debug/CMakeFiles/CMakeTmp

Run Build Command(s):/cygdrive/c/Strawberry/c/bin/gmake.exe cmTC_d1bcd/fast && C:/Strawberry/c/bin/gmake  -f CMakeFiles/cmTC_d1bcd.dir/build.make CMakeFiles/cmTC_d1bcd.dir/build
gmake[1]: Entering directory 'C:/Users/vAsmad/CLionProjects/Algoritmos-y-Estructura-de-Datos-1/Trabajo Implementacion/cmake-build-debug/CMakeFiles/CMakeTmp'
Building CXX object CMakeFiles/cmTC_d1bcd.dir/testCXXCompiler.cxx.o
/usr/bin/c++.exe     -o CMakeFiles/cmTC_d1bcd.dir/testCXXCompiler.cxx.o -c "/cygdrive/c/Users/vAsmad/CLionProjects/Algoritmos-y-Estructura-de-Datos-1/Trabajo Implementacion/cmake-build-debug/CMakeFiles/CMakeTmp/testCXXCompiler.cxx"
Linking CXX executable cmTC_d1bcd.exe
/cygdrive/c/Users/vAsmad/AppData/Local/JetBrains/CLion2020.2/cygwin_cmake/bin/cmake.exe -E cmake_link_script CMakeFiles/cmTC_d1bcd.dir/link.txt --verbose=1
/usr/bin/c++.exe    -Wl,--enable-auto-import  CMakeFiles/cmTC_d1bcd.dir/testCXXCompiler.cxx.o  -o cmTC_d1bcd.exe -Wl,--out-implib,libcmTC_d1bcd.dll.a -Wl,--major-image-version,0,--minor-image-version,0 
gmake[1]: Leaving directory 'C:/Users/vAsmad/CLionProjects/Algoritmos-y-Estructura-de-Datos-1/Trabajo Implementacion/cmake-build-debug/CMakeFiles/CMakeTmp'



Determining if the include file pthread.h exists passed with the following output:
Change Dir: /cygdrive/c/Users/vAsmad/CLionProjects/Algoritmos-y-Estructura-de-Datos-1/Trabajo Implementacion/cmake-build-debug/CMakeFiles/CMakeTmp

Run Build Command(s):/cygdrive/c/Strawberry/c/bin/gmake.exe cmTC_4adbe/fast && C:/Strawberry/c/bin/gmake  -f CMakeFiles/cmTC_4adbe.dir/build.make CMakeFiles/cmTC_4adbe.dir/build
gmake[1]: Entering directory 'C:/Users/vAsmad/CLionProjects/Algoritmos-y-Estructura-de-Datos-1/Trabajo Implementacion/cmake-build-debug/CMakeFiles/CMakeTmp'
Building C object CMakeFiles/cmTC_4adbe.dir/CheckIncludeFile.c.o
/usr/bin/cc    -o CMakeFiles/cmTC_4adbe.dir/CheckIncludeFile.c.o   -c "/cygdrive/c/Users/vAsmad/CLionProjects/Algoritmos-y-Estructura-de-Datos-1/Trabajo Implementacion/cmake-build-debug/CMakeFiles/CMakeTmp/CheckIncludeFile.c"
Linking C executable cmTC_4adbe.exe
/cygdrive/c/Users/vAsmad/AppData/Local/JetBrains/CLion2020.2/cygwin_cmake/bin/cmake.exe -E cmake_link_script CMakeFiles/cmTC_4adbe.dir/link.txt --verbose=1
/usr/bin/cc    -Wl,--enable-auto-import  CMakeFiles/cmTC_4adbe.dir/CheckIncludeFile.c.o  -o cmTC_4adbe.exe -Wl,--out-implib,libcmTC_4adbe.dll.a -Wl,--major-image-version,0,--minor-image-version,0 
gmake[1]: Leaving directory 'C:/Users/vAsmad/CLionProjects/Algoritmos-y-Estructura-de-Datos-1/Trabajo Implementacion/cmake-build-debug/CMakeFiles/CMakeTmp'



Performing C SOURCE FILE Test CMAKE_HAVE_LIBC_PTHREAD succeeded with the following output:
Change Dir: /cygdrive/c/Users/vAsmad/CLionProjects/Algoritmos-y-Estructura-de-Datos-1/Trabajo Implementacion/cmake-build-debug/CMakeFiles/CMakeTmp

Run Build Command(s):/cygdrive/c/Strawberry/c/bin/gmake.exe cmTC_7d384/fast && C:/Strawberry/c/bin/gmake  -f CMakeFiles/cmTC_7d384.dir/build.make CMakeFiles/cmTC_7d384.dir/build
gmake[1]: Entering directory 'C:/Users/vAsmad/CLionProjects/Algoritmos-y-Estructura-de-Datos-1/Trabajo Implementacion/cmake-build-debug/CMakeFiles/CMakeTmp'
Building C object CMakeFiles/cmTC_7d384.dir/src.c.o
/usr/bin/cc   -DCMAKE_HAVE_LIBC_PTHREAD   -o CMakeFiles/cmTC_7d384.dir/src.c.o   -c "/cygdrive/c/Users/vAsmad/CLionProjects/Algoritmos-y-Estructura-de-Datos-1/Trabajo Implementacion/cmake-build-debug/CMakeFiles/CMakeTmp/src.c"
Linking C executable cmTC_7d384.exe
/cygdrive/c/Users/vAsmad/AppData/Local/JetBrains/CLion2020.2/cygwin_cmake/bin/cmake.exe -E cmake_link_script CMakeFiles/cmTC_7d384.dir/link.txt --verbose=1
/usr/bin/cc  -DCMAKE_HAVE_LIBC_PTHREAD  -Wl,--enable-auto-import  CMakeFiles/cmTC_7d384.dir/src.c.o  -o cmTC_7d384.exe -Wl,--out-implib,libcmTC_7d384.dll.a -Wl,--major-image-version,0,--minor-image-version,0 
gmake[1]: Leaving directory 'C:/Users/vAsmad/CLionProjects/Algoritmos-y-Estructura-de-Datos-1/Trabajo Implementacion/cmake-build-debug/CMakeFiles/CMakeTmp'


Source file was:
#include <pthread.h>

void* test_func(void* data)
{
  return data;
}

int main(void)
{
  pthread_t thread;
  pthread_create(&thread, NULL, test_func, NULL);
  pthread_detach(thread);
  pthread_cancel(thread);
  pthread_join(thread, NULL);
  pthread_atfork(NULL, NULL, NULL);
  pthread_exit(NULL);

  return 0;
}

