The system is: CYGWIN - 3.1.7(0.340/5/3) - x86_64
Compiling the C compiler identification source file "CMakeCCompilerId.c" succeeded.
Compiler: /usr/bin/cc 
Build flags: --coverage
Id flags:  

The output was:
0


Compilation of the C compiler identification source "CMakeCCompilerId.c" produced "CMakeCCompilerId.gcno"

Compilation of the C compiler identification source "CMakeCCompilerId.c" produced "a.exe"

The C compiler identification is GNU, found in "/cygdrive/c/Users/vAsmad/CLionProjects/Algoritmos-y-Estructura-de-Datos-1/Practicas/Practica_8/cmake-build-debug-coverage/CMakeFiles/3.17.3/CompilerIdC/a.exe"

Compiling the CXX compiler identification source file "CMakeCXXCompilerId.cpp" succeeded.
Compiler: /usr/bin/c++.exe 
Build flags: --coverage
Id flags:  

The output was:
0


Compilation of the CXX compiler identification source "CMakeCXXCompilerId.cpp" produced "CMakeCXXCompilerId.gcno"

Compilation of the CXX compiler identification source "CMakeCXXCompilerId.cpp" produced "a.exe"

The CXX compiler identification is GNU, found in "/cygdrive/c/Users/vAsmad/CLionProjects/Algoritmos-y-Estructura-de-Datos-1/Practicas/Practica_8/cmake-build-debug-coverage/CMakeFiles/3.17.3/CompilerIdCXX/a.exe"

Determining if the C compiler works passed with the following output:
Change Dir: /cygdrive/c/Users/vAsmad/CLionProjects/Algoritmos-y-Estructura-de-Datos-1/Practicas/Practica_8/cmake-build-debug-coverage/CMakeFiles/CMakeTmp

Run Build Command(s):/cygdrive/c/Strawberry/c/bin/gmake.exe cmTC_abb17/fast && C:/Strawberry/c/bin/gmake  -f CMakeFiles/cmTC_abb17.dir/build.make CMakeFiles/cmTC_abb17.dir/build
gmake[1]: Entering directory 'C:/Users/vAsmad/CLionProjects/Algoritmos-y-Estructura-de-Datos-1/Practicas/Practica_8/cmake-build-debug-coverage/CMakeFiles/CMakeTmp'
Building C object CMakeFiles/cmTC_abb17.dir/testCCompiler.c.o
/usr/bin/cc   --coverage    -o CMakeFiles/cmTC_abb17.dir/testCCompiler.c.o   -c /cygdrive/c/Users/vAsmad/CLionProjects/Algoritmos-y-Estructura-de-Datos-1/Practicas/Practica_8/cmake-build-debug-coverage/CMakeFiles/CMakeTmp/testCCompiler.c
Linking C executable cmTC_abb17.exe
/cygdrive/c/Users/vAsmad/AppData/Local/JetBrains/CLion2020.2/cygwin_cmake/bin/cmake.exe -E cmake_link_script CMakeFiles/cmTC_abb17.dir/link.txt --verbose=1
/usr/bin/cc --coverage   -Wl,--enable-auto-import  CMakeFiles/cmTC_abb17.dir/testCCompiler.c.o  -o cmTC_abb17.exe -Wl,--out-implib,libcmTC_abb17.dll.a -Wl,--major-image-version,0,--minor-image-version,0 
gmake[1]: Leaving directory 'C:/Users/vAsmad/CLionProjects/Algoritmos-y-Estructura-de-Datos-1/Practicas/Practica_8/cmake-build-debug-coverage/CMakeFiles/CMakeTmp'



Determining if the CXX compiler works passed with the following output:
Change Dir: /cygdrive/c/Users/vAsmad/CLionProjects/Algoritmos-y-Estructura-de-Datos-1/Practicas/Practica_8/cmake-build-debug-coverage/CMakeFiles/CMakeTmp

Run Build Command(s):/cygdrive/c/Strawberry/c/bin/gmake.exe cmTC_f3abb/fast && C:/Strawberry/c/bin/gmake  -f CMakeFiles/cmTC_f3abb.dir/build.make CMakeFiles/cmTC_f3abb.dir/build
gmake[1]: Entering directory 'C:/Users/vAsmad/CLionProjects/Algoritmos-y-Estructura-de-Datos-1/Practicas/Practica_8/cmake-build-debug-coverage/CMakeFiles/CMakeTmp'
Building CXX object CMakeFiles/cmTC_f3abb.dir/testCXXCompiler.cxx.o
/usr/bin/c++.exe    --coverage    -o CMakeFiles/cmTC_f3abb.dir/testCXXCompiler.cxx.o -c /cygdrive/c/Users/vAsmad/CLionProjects/Algoritmos-y-Estructura-de-Datos-1/Practicas/Practica_8/cmake-build-debug-coverage/CMakeFiles/CMakeTmp/testCXXCompiler.cxx
Linking CXX executable cmTC_f3abb.exe
/cygdrive/c/Users/vAsmad/AppData/Local/JetBrains/CLion2020.2/cygwin_cmake/bin/cmake.exe -E cmake_link_script CMakeFiles/cmTC_f3abb.dir/link.txt --verbose=1
/usr/bin/c++.exe --coverage   -Wl,--enable-auto-import  CMakeFiles/cmTC_f3abb.dir/testCXXCompiler.cxx.o  -o cmTC_f3abb.exe -Wl,--out-implib,libcmTC_f3abb.dll.a -Wl,--major-image-version,0,--minor-image-version,0 
gmake[1]: Leaving directory 'C:/Users/vAsmad/CLionProjects/Algoritmos-y-Estructura-de-Datos-1/Practicas/Practica_8/cmake-build-debug-coverage/CMakeFiles/CMakeTmp'



